<?xml version="1.0" encoding="UTF-8"?>
<!-- Generated by org.testng.reporters.JUnitReportReporter -->
<testsuite skipped="0" hostname="admin-PC" name="org.browserlaunch.BrowserLaunch" tests="1" failures="0" timestamp="05 Jan 2020 07:21:55 GMT" time="18.188" errors="0">
  <testcase name="browserLaunch" time="18.188" classname="org.browserlaunch.BrowserLaunch"/>
</testsuite> <!-- org.browserlaunch.BrowserLaunch -->
